<?xml version="1.0" encoding="UTF-8"?>
<!-- Generated by org.testng.reporters.JUnitXMLReporter -->
<testsuite ignored="3" hostname="DESKTOP-3P6EQHG" failures="0" tests="1" name="Default test" time="12.173" errors="0" timestamp="2022-09-06T00:39:38 EDT">
  <testcase classname="Testcase.dsalgotest" name="arr" time="9.819"/>
  <testcase classname="Testcase.dsalgotest" name="reg" time="0.0">
    <ignored/>
  </testcase> <!-- reg -->
  <testcase classname="Testcase.dsalgotest" name="verifyhomepage" time="0.0">
    <ignored/>
  </testcase> <!-- verifyhomepage -->
  <testcase classname="Testcase.dsalgotest" name="verifylogin" time="0.0">
    <ignored/>
  </testcase> <!-- verifylogin -->
</testsuite> <!-- Default test -->
