<?xml version="1.0" encoding="UTF-8"?>
<!-- Generated by org.testng.reporters.JUnitXMLReporter -->
<testsuite ignored="0" hostname="DESKTOP-3P6EQHG" failures="0" tests="3" name="ChromeTest" time="9.769" errors="0" timestamp="2022-08-16T15:38:59 EDT">
  <testcase classname="dsalgo.loginpage" name="logintest" time="0.256"/>
  <testcase classname="dsalgo.loginpage" name="logintest" time="0.224"/>
  <testcase classname="dsalgo.loginpage" name="logintest" time="0.22"/>
</testsuite> <!-- ChromeTest -->
