<?xml version="1.0" encoding="UTF-8"?>
<!-- Generated by org.testng.reporters.JUnitXMLReporter -->
<testsuite ignored="0" hostname="DESKTOP-3P6EQHG" failures="0" tests="3" name="IE" time="0.443" errors="0" timestamp="2022-08-16T15:39:00 EDT">
  <testcase classname="dsalgo.loginpage" name="@BeforeMethod setupTest" time="0.357">
    <failure type="org.openqa.selenium.SessionNotCreatedException" message="Could not start a new session. Response code 500. Message: session not created: No matching capabilities found
Build info: version: &amp;apos;4.3.0&amp;apos;, revision: &amp;apos;a4995e2c09*&amp;apos;
System info: host: &amp;apos;DESKTOP-3P6EQHG&amp;apos;, ip: &amp;apos;10.0.0.35&amp;apos;, os.name: &amp;apos;Windows 10&amp;apos;, os.arch: &amp;apos;amd64&amp;apos;, os.version: &amp;apos;10.0&amp;apos;, java.version: &amp;apos;18.0.1.1&amp;apos;
Driver info: org.openqa.selenium.ie.InternetExplorerDriver
Command: [null, newSession {capabilities=[Capabilities {browserName: internet explorer, se:ieOptions: {}}], desiredCapabilities=Capabilities {browserName: internet explorer, se:ieOptions: {}}}]
Capabilities {}">
      <![CDATA[org.openqa.selenium.SessionNotCreatedException: Could not start a new session. Response code 500. Message: session not created: No matching capabilities found
Build info: version: '4.3.0', revision: 'a4995e2c09*'
System info: host: 'DESKTOP-3P6EQHG', ip: '10.0.0.35', os.name: 'Windows 10', os.arch: 'amd64', os.version: '10.0', java.version: '18.0.1.1'
Driver info: org.openqa.selenium.ie.InternetExplorerDriver
Command: [null, newSession {capabilities=[Capabilities {browserName: internet explorer, se:ieOptions: {}}], desiredCapabilities=Capabilities {browserName: internet explorer, se:ieOptions: {}}}]
Capabilities {}
at org.openqa.selenium.remote.ProtocolHandshake.createSession(ProtocolHandshake.java:144)
at org.openqa.selenium.remote.ProtocolHandshake.createSession(ProtocolHandshake.java:102)
at org.openqa.selenium.remote.ProtocolHandshake.createSession(ProtocolHandshake.java:67)
at org.openqa.selenium.remote.HttpCommandExecutor.execute(HttpCommandExecutor.java:156)
at org.openqa.selenium.remote.service.DriverCommandExecutor.invokeExecute(DriverCommandExecutor.java:167)
at org.openqa.selenium.remote.service.DriverCommandExecutor.execute(DriverCommandExecutor.java:142)
at org.openqa.selenium.remote.RemoteWebDriver.execute(RemoteWebDriver.java:569)
at org.openqa.selenium.remote.RemoteWebDriver.startSession(RemoteWebDriver.java:264)
at org.openqa.selenium.ie.InternetExplorerDriver.run(InternetExplorerDriver.java:184)
at org.openqa.selenium.ie.InternetExplorerDriver.<init>(InternetExplorerDriver.java:171)
at org.openqa.selenium.ie.InternetExplorerDriver.<init>(InternetExplorerDriver.java:144)
at dsalgo.loginpage.setupTest(loginpage.java:41)
at java.base/java.util.ArrayList.forEach(ArrayList.java:1511)
... Removed 29 stack frames]]>
    </failure>
  </testcase> <!-- @BeforeMethod setupTest -->
  <testcase classname="dsalgo.loginpage" name="@AfterMethod closeBrowser" time="-1.660678740419E9">
    <skipped/>
  </testcase> <!-- @AfterMethod closeBrowser -->
  <testcase classname="dsalgo.loginpage" name="@BeforeMethod setupTest" time="-1.660678740423E9">
    <skipped/>
  </testcase> <!-- @BeforeMethod setupTest -->
  <testcase classname="dsalgo.loginpage" name="@AfterMethod closeBrowser" time="-1.660678740432E9">
    <skipped/>
  </testcase> <!-- @AfterMethod closeBrowser -->
  <testcase classname="dsalgo.loginpage" name="@BeforeMethod setupTest" time="-1.660678740435E9">
    <skipped/>
  </testcase> <!-- @BeforeMethod setupTest -->
  <testcase classname="dsalgo.loginpage" name="@AfterMethod closeBrowser" time="-1.660678740442E9">
    <skipped/>
  </testcase> <!-- @AfterMethod closeBrowser -->
  <testcase classname="dsalgo.loginpage" name="logintest" time="0.0">
    <skipped/>
  </testcase> <!-- logintest -->
  <testcase classname="dsalgo.loginpage" name="logintest" time="0.0">
    <skipped/>
  </testcase> <!-- logintest -->
  <testcase classname="dsalgo.loginpage" name="logintest" time="0.0">
    <skipped/>
  </testcase> <!-- logintest -->
</testsuite> <!-- IE -->
