<?xml version="1.0" encoding="UTF-8"?>
<!-- Generated by org.testng.reporters.JUnitXMLReporter -->
<testsuite ignored="0" hostname="DESKTOP-3P6EQHG" failures="1" tests="4" name="project_testng" time="2.854" errors="0" timestamp="2022-08-08T00:51:31 EDT">
  <testcase classname="dsalgo.homepage" name="@AfterMethod closeBrowser" time="0.001">
    <failure type="java.lang.NullPointerException" message="Cannot invoke &amp;quot;org.openqa.selenium.WebDriver.quit()&amp;quot; because &amp;quot;this.driver&amp;quot; is null">
      <![CDATA[java.lang.NullPointerException: Cannot invoke "org.openqa.selenium.WebDriver.quit()" because "this.driver" is null
at dsalgo.homepage.closeBrowser(homepage.java:84)
at java.base/java.util.ArrayList.forEach(ArrayList.java:1511)
... Removed 30 stack frames]]>
    </failure>
  </testcase> <!-- @AfterMethod closeBrowser -->
  <testcase classname="dsalgo.homepage" name="@BeforeMethod setupTest" time="-1.659934291895E9">
    <skipped/>
  </testcase> <!-- @BeforeMethod setupTest -->
  <testcase classname="dsalgo.homepage" name="@AfterMethod closeBrowser" time="-1.659934291902E9">
    <skipped/>
  </testcase> <!-- @AfterMethod closeBrowser -->
  <testcase classname="dsalgo.homepage" name="@BeforeMethod setupTest" time="-1.659934291904E9">
    <skipped/>
  </testcase> <!-- @BeforeMethod setupTest -->
  <testcase classname="dsalgo.homepage" name="@AfterMethod closeBrowser" time="-1.659934291908E9">
    <skipped/>
  </testcase> <!-- @AfterMethod closeBrowser -->
  <testcase classname="dsalgo.homepage" name="@BeforeMethod setupTest" time="-1.65993429191E9">
    <skipped/>
  </testcase> <!-- @BeforeMethod setupTest -->
  <testcase classname="dsalgo.homepage" name="@AfterMethod closeBrowser" time="-1.659934291916E9">
    <skipped/>
  </testcase> <!-- @AfterMethod closeBrowser -->
  <testcase classname="dsalgo.homepage" name="verifyTitleTest" time="0.01">
    <failure type="java.lang.NullPointerException" message="Cannot invoke &amp;quot;org.openqa.selenium.WebDriver.getTitle()&amp;quot; because &amp;quot;this.driver&amp;quot; is null">
      <![CDATA[java.lang.NullPointerException: Cannot invoke "org.openqa.selenium.WebDriver.getTitle()" because "this.driver" is null
at dsalgo.homepage.verifyTitleTest(homepage.java:79)
at java.base/java.util.ArrayList.forEach(ArrayList.java:1511)
... Removed 25 stack frames]]>
    </failure>
  </testcase> <!-- verifyTitleTest -->
  <testcase classname="dsalgo.homepage" name="verifydropdown" time="0.0">
    <skipped/>
  </testcase> <!-- verifydropdown -->
  <testcase classname="dsalgo.homepage" name="verifyRegisterbutton" time="0.0">
    <skipped/>
  </testcase> <!-- verifyRegisterbutton -->
  <testcase classname="dsalgo.homepage" name="signinbutton" time="0.0">
    <skipped/>
  </testcase> <!-- signinbutton -->
</testsuite> <!-- project_testng -->
